{
  "RSpec": {
    "coverage": {
      "/Applications/MAMP/www/refinerycms-testimonials/lib/refinerycms-testimonials.rb": [
        1
      ],
      "/Applications/MAMP/www/refinerycms-testimonials/lib/refinery/testimonials.rb": [
        1,
        null,
        1,
        1,
        null,
        1,
        1,
        1,
        null,
        1,
        1,
        null,
        1,
        2,
        null,
        null,
        1,
        1,
        null,
        null,
        null,
        null
      ],
      "/Applications/MAMP/www/refinerycms-testimonials/lib/refinery/testimonials/engine.rb": [
        1,
        1,
        1,
        1,
        1,
        null,
        1,
        null,
        1,
        1,
        1,
        null,
        null,
        1,
        1,
        1,
        1,
        1,
        1,
        null,
        null,
        null,
        null,
        null,
        null,
        1,
        1,
        1,
        null,
        null,
        1,
        1,
        1,
        1,
        null,
        null,
        null,
        null,
        null,
        null
      ],
      "/Applications/MAMP/www/refinerycms-testimonials/lib/refinery/testimonials/extension.rb": [
        1,
        1,
        1,
        1,
        1,
        1,
        null,
        null,
        null,
        null,
        null,
        1
      ],
      "/Applications/MAMP/www/refinerycms-testimonials/app/decorators/controllers/pages_controller_decorator.rb": [
        1,
        1,
        1,
        null,
        1,
        null,
        null,
        null,
        null,
        0,
        null,
        0,
        0,
        0,
        null,
        null,
        null,
        null
      ],
      "/Applications/MAMP/www/refinerycms-testimonials/app/controllers/refinery/testimonials/admin/testimonials_controller.rb": [
        1,
        1,
        1,
        1,
        null,
        1,
        null,
        null,
        null,
        null,
        null
      ],
      "/Applications/MAMP/www/refinerycms-testimonials/app/models/refinery/testimonials/testimonial.rb": [
        1,
        1,
        1,
        1,
        null,
        null,
        1,
        1,
        null,
        1,
        4,
        null,
        null,
        1,
        null,
        1,
        null,
        1,
        1,
        null,
        1,
        null,
        1,
        0,
        null,
        null,
        null,
        null,
        null
      ],
      "/Applications/MAMP/www/refinerycms-testimonials/app/controllers/refinery/testimonials/testimonials_controller.rb": [
        1,
        1,
        1,
        1,
        null,
        null,
        null
      ]
    },
    "timestamp": 1386036125
  }
}
